<?xml version="1.0" encoding="UTF-8"?>
<testng-results ignored="0" total="1" passed="1" failed="0" skipped="0">
  <reporter-output>
  </reporter-output>
  <suite started-at="2022-05-11T18:22:21 IDT" name="Default suite" finished-at="2022-05-11T18:22:31 IDT" duration-ms="9905">
    <groups>
    </groups>
    <test started-at="2022-05-11T18:22:21 IDT" name="Default test" finished-at="2022-05-11T18:22:31 IDT" duration-ms="9905">
      <class name="ex1.ticketorTests">
        <test-method is-config="true" signature="setUp()[pri:0, instance:ex1.ticketorTests@4879f0f2]" started-at="2022-05-11T18:22:21 IDT" name="setUp" finished-at="2022-05-11T18:22:22 IDT" duration-ms="1739" status="PASS">
          <reporter-output>
          </reporter-output>
        </test-method> <!-- setUp -->
        <test-method signature="testOrderTicket()[pri:0, instance:ex1.ticketorTests@4879f0f2]" started-at="2022-05-11T18:22:22 IDT" name="testOrderTicket" finished-at="2022-05-11T18:22:31 IDT" duration-ms="8118" status="PASS">
          <reporter-output>
          </reporter-output>
        </test-method> <!-- testOrderTicket -->
        <test-method is-config="true" signature="tearDown()[pri:0, instance:ex1.ticketorTests@4879f0f2]" started-at="2022-05-11T18:22:31 IDT" name="tearDown" finished-at="2022-05-11T18:22:31 IDT" duration-ms="1" status="PASS">
          <reporter-output>
          </reporter-output>
        </test-method> <!-- tearDown -->
      </class> <!-- ex1.ticketorTests -->
    </test> <!-- Default test -->
  </suite> <!-- Default suite -->
</testng-results>
