<?xml version="1.0" encoding="UTF-8"?>
<testng-results ignored="0" total="1" passed="1" failed="0" skipped="0">
  <reporter-output>
  </reporter-output>
  <suite started-at="2022-05-07T16:21:39 IDT" name="Default suite" finished-at="2022-05-07T16:21:49 IDT" duration-ms="10116">
    <groups>
    </groups>
    <test started-at="2022-05-07T16:21:39 IDT" name="Default test" finished-at="2022-05-07T16:21:49 IDT" duration-ms="10116">
      <class name="ex1.testLogin">
        <test-method is-config="true" signature="setUp()[pri:0, instance:ex1.testLogin@49b0b76]" started-at="2022-05-07T16:21:39 IDT" name="setUp" finished-at="2022-05-07T16:21:45 IDT" duration-ms="6604" status="PASS">
          <reporter-output>
          </reporter-output>
        </test-method> <!-- setUp -->
        <test-method signature="testLogin()[pri:0, instance:ex1.testLogin@49b0b76]" started-at="2022-05-07T16:21:45 IDT" name="testLogin" finished-at="2022-05-07T16:21:49 IDT" duration-ms="3467" status="PASS">
          <reporter-output>
          </reporter-output>
        </test-method> <!-- testLogin -->
        <test-method is-config="true" signature="tearDown()[pri:0, instance:ex1.testLogin@49b0b76]" started-at="2022-05-07T16:21:49 IDT" name="tearDown" finished-at="2022-05-07T16:21:49 IDT" duration-ms="0" status="PASS">
          <reporter-output>
          </reporter-output>
        </test-method> <!-- tearDown -->
      </class> <!-- ex1.testLogin -->
    </test> <!-- Default test -->
  </suite> <!-- Default suite -->
</testng-results>
